\BOOKMARK [0][-]{chapter*.2}{\376\377\000M\000a\000n\000i\000f\000e\000s\000t\000e\000\040\000:\000\040\000L\000e\000\040\000C\000h\000a\000o\000s\000\040\000e\000t\000\040\000l\000a\000\040\000J\000u\000b\000i\000l\000a\000t\000i\000o\000n}{}% 1
\BOOKMARK [0][-]{chapter.1}{\376\377\000L\000e\000\040\000C\000e\000r\000v\000e\000a\000u\000\040\000P\000r\000i\000m\000i\000t\000i\000f\000\040\000e\000t\000\040\000l\000e\000\040\000R\000a\000p\000t\000\040\000d\000e\000\040\000l\000a\000\040\000P\000a\000r\000o\000l\000e}{}% 2
\BOOKMARK [1][-]{section.1.1}{\376\377\000L\000'\000A\000m\000y\000g\000d\000a\000l\000e\000\040\000:\000\040\000L\000e\000\040\000G\000u\000e\000t\000t\000e\000u\000r\000\040\000q\000u\000i\000\040\000s\000'\000e\000m\000b\000a\000l\000l\000e}{chapter.1}% 3
\BOOKMARK [1][-]{section.1.2}{\376\377\000L\000e\000\040\000"\000H\000i\000j\000a\000c\000k\000"\000\040\000\351\000m\000o\000t\000i\000o\000n\000n\000e\000l\000\040\000:\000\040\000Q\000u\000a\000n\000d\000\040\000l\000a\000\040\000p\000e\000n\000s\000\351\000e\000\040\000c\000a\000p\000i\000t\000u\000l\000e}{chapter.1}% 4
\BOOKMARK [1][-]{section.1.3}{\376\377\000L\000a\000\040\000T\000h\000\351\000o\000r\000i\000e\000\040\000P\000o\000l\000y\000v\000a\000g\000a\000l\000e\000\040\000:\000\040\000A\000u\000-\000d\000e\000l\000\340\000\040\000d\000u\000\040\000"\000C\000o\000m\000b\000a\000t\000-\000F\000u\000i\000t\000e\000"}{chapter.1}% 5
\BOOKMARK [1][-]{section.1.4}{\376\377\000L\000a\000\040\000M\000\351\000m\000o\000i\000r\000e\000\040\000d\000u\000\040\000C\000o\000r\000p\000s\000\040\000:\000\040\000L\000'\000E\000n\000f\000a\000n\000c\000e\000\040\000c\000o\000m\000m\000e\000\040\000L\000a\000b\000o\000r\000a\000t\000o\000i\000r\000e}{chapter.1}% 6
\BOOKMARK [0][-]{chapter.2}{\376\377\000L\000a\000\040\000C\000a\000s\000c\000a\000d\000e\000\040\000H\000o\000r\000m\000o\000n\000a\000l\000e\000\040\000:\000\040\000L\000e\000\040\000C\000o\000r\000p\000s\000\040\000q\000u\000i\000\040\000H\000u\000r\000l\000e}{}% 7
\BOOKMARK [1][-]{section.2.1}{\376\377\000L\000'\000I\000n\000h\000i\000b\000i\000t\000i\000o\000n\000\040\000d\000e\000\040\000l\000'\000A\000c\000t\000i\000o\000n\000\040\000:\000\040\000L\000e\000\040\000P\000i\000\350\000g\000e\000\040\000d\000e\000\040\000L\000a\000b\000o\000r\000i\000t}{chapter.2}% 8
\BOOKMARK [1][-]{section.2.2}{\376\377\000L\000e\000\040\000C\000o\000r\000t\000i\000s\000o\000l\000\040\000:\000\040\000L\000'\000A\000c\000i\000d\000e\000\040\000d\000e\000\040\000l\000a\000\040\000S\000o\000u\000m\000i\000s\000s\000i\000o\000n}{chapter.2}% 9
\BOOKMARK [1][-]{section.2.3}{\376\377\000L\000e\000\040\000V\000e\000n\000t\000r\000e\000,\000\040\000T\000h\000\351\000\342\000t\000r\000e\000\040\000d\000e\000\040\000l\000'\000I\000n\000h\000i\000b\000i\000t\000i\000o\000n}{chapter.2}% 10
\BOOKMARK [0][-]{chapter.3}{\376\377\000L\000a\000\040\000P\000r\000e\000u\000v\000e\000\040\000p\000a\000r\000\040\000l\000'\000I\000m\000a\000g\000e\000\040\000:\000\040\000D\000a\000n\000s\000\040\000l\000e\000\040\000S\000e\000c\000r\000e\000t\000\040\000d\000e\000s\000\040\000S\000c\000a\000n\000s}{}% 11
\BOOKMARK [1][-]{section.3.1}{\376\377\000L\000e\000\040\000v\000m\000P\000F\000C\000\040\000:\000\040\000L\000\340\000\040\000o\000\371\000\040\000n\000o\000u\000s\000\040\000e\000x\000i\000s\000t\000o\000n\000s}{chapter.3}% 12
\BOOKMARK [1][-]{section.3.2}{\376\377\000L\000a\000\040\000D\000i\000c\000t\000a\000t\000u\000r\000e\000\040\000d\000u\000\040\000R\000e\000g\000a\000r\000d}{chapter.3}% 13
\BOOKMARK [1][-]{section.3.3}{\376\377\000L\000a\000\040\000R\000\351\000s\000i\000l\000i\000e\000n\000c\000e\000\040\000p\000a\000r\000\040\000l\000a\000\040\000P\000l\000a\000s\000t\000i\000c\000i\000t\000\351}{chapter.3}% 14
\BOOKMARK [0][-]{chapter.4}{\376\377\000L\000'\000\311\000c\000o\000l\000e\000\040\000e\000t\000\040\000l\000'\000E\000n\000f\000a\000n\000c\000e\000\040\000:\000\040\000L\000\340\000\040\000o\000\371\000\040\000l\000e\000\040\000s\000i\000l\000e\000n\000c\000e\000\040\000s\000'\000a\000p\000p\000r\000e\000n\000d}{}% 15
\BOOKMARK [1][-]{section.4.1}{\376\377\000L\000e\000\040\000B\000e\000r\000c\000e\000a\000u\000\040\000d\000e\000\040\000l\000'\000I\000n\000h\000i\000b\000i\000t\000i\000o\000n}{chapter.4}% 16
\BOOKMARK [1][-]{section.4.2}{\376\377\000L\000a\000\040\000C\000o\000u\000r\000\040\000d\000e\000\040\000R\000\351\000c\000r\000\351\000a\000t\000i\000o\000n\000\040\000:\000\040\000L\000e\000\040\000J\000e\000u\000\040\000d\000e\000s\000\040\000D\000o\000m\000i\000n\000a\000t\000i\000o\000n\000s}{chapter.4}% 17
\BOOKMARK [1][-]{section.4.3}{\376\377\000L\000a\000\040\000D\000o\000u\000l\000e\000u\000r\000\040\000d\000u\000\040\000R\000e\000j\000e\000t}{chapter.4}% 18
\BOOKMARK [0][-]{chapter.5}{\376\377\000L\000e\000\040\000M\000o\000n\000d\000e\000\040\000A\000d\000u\000l\000t\000e\000\040\000:\000\040\000L\000e\000\040\000T\000h\000\351\000\342\000t\000r\000e\000\040\000d\000e\000s\000\040\000M\000a\000s\000q\000u\000e\000s}{}% 19
\BOOKMARK [1][-]{section.5.1}{\376\377\000L\000'\000E\000n\000t\000r\000e\000p\000r\000i\000s\000e\000\040\000:\000\040\000L\000a\000\040\000M\000a\000c\000h\000i\000n\000e\000\040\000\340\000\040\000I\000n\000h\000i\000b\000e\000r}{chapter.5}% 20
\BOOKMARK [1][-]{section.5.2}{\376\377\000G\000e\000n\000r\000e\000\040\000e\000t\000\040\000S\000o\000c\000i\000a\000l\000i\000s\000a\000t\000i\000o\000n\000\040\000:\000\040\000L\000e\000\040\000P\000o\000i\000d\000s\000\040\000d\000e\000s\000\040\000A\000t\000t\000e\000n\000d\000u\000s}{chapter.5}% 21
\BOOKMARK [1][-]{section.5.3}{\376\377\000L\000'\000A\000s\000y\000m\000\351\000t\000r\000i\000e\000\040\000d\000u\000\040\000S\000i\000l\000e\000n\000c\000e\000\040\000d\000a\000n\000s\000\040\000l\000e\000\040\000C\000o\000u\000p\000l\000e}{chapter.5}% 22
\BOOKMARK [0][-]{chapter.6}{\376\377\000L\000e\000\040\000T\000r\000o\000i\000s\000i\000\350\000m\000e\000\040\000\302\000g\000e\000\040\000:\000\040\000L\000a\000\040\000S\000o\000l\000i\000t\000u\000d\000e\000\040\000I\000n\000v\000i\000s\000i\000b\000l\000e}{}% 23
\BOOKMARK [1][-]{section.6.1}{\376\377\000L\000e\000\040\000P\000o\000i\000d\000s\000\040\000d\000u\000\040\000"\000F\000a\000r\000d\000e\000a\000u\000"}{chapter.6}% 24
\BOOKMARK [1][-]{section.6.2}{\376\377\000L\000'\000I\000n\000f\000a\000n\000t\000i\000l\000i\000s\000a\000t\000i\000o\000n\000\040\000:\000\040\000L\000e\000\040\000V\000o\000l\000\040\000d\000u\000\040\000D\000i\000r\000e}{chapter.6}% 25
\BOOKMARK [1][-]{section.6.3}{\376\377\000L\000a\000\040\000T\000r\000a\000n\000s\000m\000i\000s\000s\000i\000o\000n\000\040\000p\000a\000r\000\040\000l\000a\000\040\000P\000a\000r\000o\000l\000e}{chapter.6}% 26
\BOOKMARK [0][-]{chapter.7}{\376\377\000A\000n\000x\000i\000\351\000t\000\351\000\040\000e\000t\000\040\000P\000e\000r\000s\000o\000n\000n\000a\000l\000i\000t\000\351\000\040\000:\000\040\000L\000e\000\040\000P\000i\000\350\000g\000e\000\040\000d\000e\000\040\000l\000'\000\311\000v\000i\000t\000e\000m\000e\000n\000t}{}% 27
\BOOKMARK [1][-]{section.7.1}{\376\377\000L\000'\000A\000n\000x\000i\000\351\000t\000\351\000\040\000S\000o\000c\000i\000a\000l\000e\000\040\000:\000\040\000L\000a\000\040\000P\000e\000u\000r\000\040\000d\000u\000\040\000M\000i\000r\000o\000i\000r}{chapter.7}% 28
\BOOKMARK [1][-]{section.7.2}{\376\377\000L\000a\000\040\000P\000e\000r\000s\000o\000n\000n\000a\000l\000i\000t\000\351\000\040\000\311\000v\000i\000t\000a\000n\000t\000e\000\040\000:\000\040\000L\000'\000E\000f\000f\000a\000c\000e\000m\000e\000n\000t\000\040\000c\000o\000m\000m\000e\000\040\000D\000e\000s\000t\000i\000n}{chapter.7}% 29
\BOOKMARK [1][-]{section.7.3}{\376\377\000L\000e\000\040\000C\000e\000r\000c\000l\000e\000\040\000V\000i\000c\000i\000e\000u\000x\000\040\000d\000e\000\040\000l\000'\000I\000n\000h\000i\000b\000i\000t\000i\000o\000n}{chapter.7}% 30
\BOOKMARK [0][-]{chapter.8}{\376\377\000C\000o\000r\000p\000s\000\040\000e\000t\000\040\000S\000o\000m\000a\000t\000i\000s\000a\000t\000i\000o\000n\000\040\000:\000\040\000Q\000u\000a\000n\000d\000\040\000l\000e\000\040\000c\000o\000r\000p\000s\000\040\000h\000u\000r\000l\000e}{}% 31
\BOOKMARK [1][-]{section.8.1}{\376\377\000L\000e\000\040\000V\000e\000n\000t\000r\000e\000,\000\040\000M\000\351\000m\000o\000i\000r\000e\000\040\000d\000u\000\040\000S\000i\000l\000e\000n\000c\000e}{chapter.8}% 32
\BOOKMARK [1][-]{section.8.2}{\376\377\000L\000a\000\040\000P\000e\000a\000u\000\040\000:\000\040\000L\000a\000\040\000F\000r\000o\000n\000t\000i\000\350\000r\000e\000\040\000B\000l\000e\000s\000s\000\351\000e}{chapter.8}% 33
\BOOKMARK [1][-]{section.8.3}{\376\377\000L\000'\000I\000m\000m\000u\000n\000i\000t\000\351\000\040\000e\000n\000\040\000D\000\351\000r\000o\000u\000t\000e}{chapter.8}% 34
\BOOKMARK [0][-]{chapter.9}{\376\377\000U\000n\000e\000\040\000H\000i\000s\000t\000o\000i\000r\000e\000\040\000d\000e\000\040\000l\000'\000A\000s\000s\000e\000r\000t\000i\000v\000i\000t\000\351\000\040\000:\000\040\000D\000u\000\040\000R\000\351\000f\000l\000e\000x\000e\000\040\000\340\000\040\000l\000a\000\040\000R\000e\000l\000a\000t\000i\000o\000n}{}% 35
\BOOKMARK [1][-]{section.9.1}{\376\377\000L\000e\000s\000\040\000P\000i\000o\000n\000n\000i\000e\000r\000s\000\040\000:\000\040\000M\000u\000s\000c\000l\000e\000r\000\040\000l\000a\000\040\000P\000a\000r\000o\000l\000e}{chapter.9}% 36
\BOOKMARK [1][-]{section.9.2}{\376\377\000L\000'\000A\000s\000s\000e\000r\000t\000i\000v\000i\000t\000\351\000\040\000:\000\040\000V\000o\000t\000r\000e\000\040\000D\000r\000o\000i\000t\000\040\000P\000a\000r\000f\000a\000i\000t}{chapter.9}% 37
\BOOKMARK [1][-]{section.9.3}{\376\377\000L\000a\000\040\000C\000o\000m\000m\000u\000n\000i\000c\000a\000t\000i\000o\000n\000\040\000N\000o\000n\000V\000i\000o\000l\000e\000n\000t\000e\000\040\000:\000\040\000L\000e\000\040\000S\000o\000u\000f\000f\000l\000e\000\040\000d\000e\000\040\000R\000o\000s\000e\000n\000b\000e\000r\000g}{chapter.9}% 38
\BOOKMARK [1][-]{section.9.4}{\376\377\000L\000'\000A\000s\000s\000e\000r\000t\000i\000v\000i\000t\000\351\000\040\000n\000'\000e\000s\000t\000\040\000p\000a\000s\000\040\000l\000'\000A\000g\000r\000e\000s\000s\000i\000v\000i\000t\000\351}{chapter.9}% 39
\BOOKMARK [0][-]{chapter.10}{\376\377\000P\000r\000o\000t\000o\000c\000o\000l\000e\000s\000\040\000d\000e\000\040\000R\000\351\000\351\000d\000u\000c\000a\000t\000i\000o\000n\000\040\000:\000\040\000L\000'\000A\000r\000t\000\040\000d\000u\000\040\000"\000D\000i\000r\000e\000"\000\040\000J\000u\000s\000t\000e}{}% 40
\BOOKMARK [1][-]{section.10.1}{\376\377\000L\000e\000\040\000D\000E\000S\000C\000\040\000:\000\040\000U\000n\000e\000\040\000S\000t\000r\000u\000c\000t\000u\000r\000e\000\040\000p\000o\000u\000r\000\040\000l\000'\000\311\000m\000o\000t\000i\000o\000n}{chapter.10}% 41
\BOOKMARK [1][-]{section.10.2}{\376\377\000L\000'\000E\000s\000c\000a\000l\000i\000e\000r\000\040\000d\000u\000\040\000C\000o\000u\000r\000a\000g\000e\000\040\000:\000\040\000L\000'\000E\000x\000p\000o\000s\000i\000t\000i\000o\000n\000\040\000P\000r\000o\000g\000r\000e\000s\000s\000i\000v\000e}{chapter.10}% 42
\BOOKMARK [1][-]{section.10.3}{\376\377\000L\000e\000s\000\040\0005\000\040\000P\000o\000u\000r\000q\000u\000o\000i\000\040\000:\000\040\000D\000e\000s\000c\000e\000n\000d\000r\000e\000\040\000d\000a\000n\000s\000\040\000l\000a\000\040\000F\000o\000r\000g\000e}{chapter.10}% 43
\BOOKMARK [1][-]{section.10.4}{\376\377\000M\000u\000s\000c\000l\000e\000r\000\040\000l\000e\000\040\000v\000m\000P\000F\000C}{chapter.10}% 44
\BOOKMARK [0][-]{chapter.11}{\376\377\0002\0000\000\040\000O\000d\000y\000s\000s\000\351\000e\000s\000\040\000H\000u\000m\000a\000i\000n\000e\000s\000\040\000:\000\040\000D\000e\000\040\000l\000'\000O\000m\000b\000r\000e\000\040\000\340\000\040\000l\000a\000\040\000L\000u\000m\000i\000\350\000r\000e}{}% 45
\BOOKMARK [1][-]{section.11.1}{\376\377\000L\000a\000\040\000R\000e\000n\000a\000i\000s\000s\000a\000n\000c\000e\000\040\000d\000u\000\040\000S\000u\000j\000e\000t}{chapter.11}% 46
\BOOKMARK [1][-]{section.11.2}{\376\377\000D\000e\000\040\000l\000'\000E\000n\000f\000a\000n\000t\000\040\000I\000n\000v\000i\000s\000i\000b\000l\000e\000\040\000\340\000\040\000l\000a\000\040\000F\000e\000m\000m\000e\000\040\000A\000f\000f\000i\000r\000m\000\351\000e}{chapter.11}% 47
\BOOKMARK [1][-]{section.11.3}{\376\377\000L\000e\000\040\000C\000o\000r\000p\000s\000\040\000q\000u\000i\000\040\000P\000o\000s\000e\000\040\000l\000e\000s\000\040\000A\000r\000m\000e\000s}{chapter.11}% 48
\BOOKMARK [1][-]{section.11.4}{\376\377\000C\000o\000n\000c\000l\000u\000s\000i\000o\000n\000\040\000d\000e\000s\000\040\000O\000d\000y\000s\000s\000\351\000e\000s}{chapter.11}% 49
\BOOKMARK [0][-]{chapter.12}{\376\377\000L\000e\000a\000d\000e\000r\000s\000h\000i\000p\000\040\000d\000e\000\040\000l\000'\000A\000u\000t\000h\000e\000n\000t\000i\000c\000i\000t\000\351\000\040\000:\000\040\000L\000a\000\040\000S\000o\000c\000i\000\351\000t\000\351\000\040\000d\000e\000\040\0002\0000\0003\0000}{}% 50
\BOOKMARK [1][-]{section.12.1}{\376\377\000L\000'\000H\000u\000m\000a\000i\000n\000\040\000d\000a\000n\000s\000\040\000l\000a\000\040\000M\000a\000c\000h\000i\000n\000e}{chapter.12}% 51
\BOOKMARK [1][-]{section.12.2}{\376\377\000L\000e\000\040\000L\000e\000a\000d\000e\000r\000\040\000c\000o\000m\000m\000e\000\040\000G\000a\000r\000d\000i\000e\000n\000\040\000d\000u\000\040\000D\000i\000r\000e}{chapter.12}% 52
\BOOKMARK [1][-]{section.12.3}{\376\377\000L\000a\000\040\000S\000o\000c\000i\000\351\000t\000\351\000\040\000d\000e\000\040\000l\000a\000\040\000R\000\351\000s\000o\000n\000a\000n\000c\000e}{chapter.12}% 53
\BOOKMARK [0][-]{chapter*.6}{\376\377\000C\000o\000n\000c\000l\000u\000s\000i\000o\000n\000\040\000:\000\040\000L\000a\000\040\000L\000i\000b\000e\000r\000t\000\351\000\040\000d\000u\000\040\000"\000N\000o\000n\000"}{}% 54
\BOOKMARK [0][-]{chapter*.7}{\376\377\000B\000i\000b\000l\000i\000o\000g\000r\000a\000p\000h\000i\000e}{}% 55
